data_in:  in.sq1x10x20.dat
data_out:  o.sq1x10x20_zx.dat
side:  2
normal:  0
norm_ref:  0.0
length:  20.0
1 1 1 0 3.183098861837907 0.0 0.0
2 1 1 0 3.183098861837907 1.0 0.0
3 1 1 0 3.183098861837907 2.0 0.0
4 1 1 0 3.183098861837907 3.0 0.0
5 1 1 0 3.183098861837907 4.0 0.0
6 1 1 0 3.183098861837907 5.0 0.0
7 1 1 0 3.183098861837907 6.0 0.0
8 1 1 0 3.183098861837907 7.0 0.0
9 1 1 0 3.183098861837907 8.0 0.0
10 1 1 0 3.183098861837907 9.0 0.0
11 1 1 0 3.027306914562628 0.0 0.983631643083466
12 1 1 0 3.027306914562628 1.0 0.983631643083466
13 1 1 0 3.027306914562628 2.0 0.983631643083466
14 1 1 0 3.027306914562628 3.0 0.983631643083466
15 1 1 0 3.027306914562628 4.0 0.983631643083466
16 1 1 0 3.027306914562628 5.0 0.983631643083466
17 1 1 0 3.027306914562628 6.0 0.983631643083466
18 1 1 0 3.027306914562628 7.0 0.983631643083466
19 1 1 0 3.027306914562628 8.0 0.983631643083466
20 1 1 0 3.027306914562628 9.0 0.983631643083466
21 1 1 0 2.5751810740024195 0.0 1.8709785675772783
22 1 1 0 2.5751810740024195 1.0 1.8709785675772783
23 1 1 0 2.5751810740024195 2.0 1.8709785675772783
24 1 1 0 2.5751810740024195 3.0 1.8709785675772783
25 1 1 0 2.5751810740024195 4.0 1.8709785675772783
26 1 1 0 2.5751810740024195 5.0 1.8709785675772783
27 1 1 0 2.5751810740024195 6.0 1.8709785675772783
28 1 1 0 2.5751810740024195 7.0 1.8709785675772783
29 1 1 0 2.5751810740024195 8.0 1.8709785675772783
30 1 1 0 2.5751810740024195 9.0 1.8709785675772783
31 1 1 0 1.8709785675772783 0.0 2.5751810740024195
32 1 1 0 1.8709785675772783 1.0 2.5751810740024195
33 1 1 0 1.8709785675772783 2.0 2.5751810740024195
34 1 1 0 1.8709785675772783 3.0 2.5751810740024195
35 1 1 0 1.8709785675772783 4.0 2.5751810740024195
36 1 1 0 1.8709785675772783 5.0 2.5751810740024195
37 1 1 0 1.8709785675772783 6.0 2.5751810740024195
38 1 1 0 1.8709785675772783 7.0 2.5751810740024195
39 1 1 0 1.8709785675772783 8.0 2.5751810740024195
40 1 1 0 1.8709785675772783 9.0 2.5751810740024195
41 1 1 0 0.9836316430834662 0.0 3.027306914562628
42 1 1 0 0.9836316430834662 1.0 3.027306914562628
43 1 1 0 0.9836316430834662 2.0 3.027306914562628
44 1 1 0 0.9836316430834662 3.0 3.027306914562628
45 1 1 0 0.9836316430834662 4.0 3.027306914562628
46 1 1 0 0.9836316430834662 5.0 3.027306914562628
47 1 1 0 0.9836316430834662 6.0 3.027306914562628
48 1 1 0 0.9836316430834662 7.0 3.027306914562628
49 1 1 0 0.9836316430834662 8.0 3.027306914562628
50 1 1 0 0.9836316430834662 9.0 3.027306914562628
51 1 1 0 1.949085916259688e-16 0.0 3.183098861837907
52 1 1 0 1.949085916259688e-16 1.0 3.183098861837907
53 1 1 0 1.949085916259688e-16 2.0 3.183098861837907
54 1 1 0 1.949085916259688e-16 3.0 3.183098861837907
55 1 1 0 1.949085916259688e-16 4.0 3.183098861837907
56 1 1 0 1.949085916259688e-16 5.0 3.183098861837907
57 1 1 0 1.949085916259688e-16 6.0 3.183098861837907
58 1 1 0 1.949085916259688e-16 7.0 3.183098861837907
59 1 1 0 1.949085916259688e-16 8.0 3.183098861837907
60 1 1 0 1.949085916259688e-16 9.0 3.183098861837907
61 1 1 0 -0.9836316430834658 0.0 3.0273069145626286
62 1 1 0 -0.9836316430834658 1.0 3.0273069145626286
63 1 1 0 -0.9836316430834658 2.0 3.0273069145626286
64 1 1 0 -0.9836316430834658 3.0 3.0273069145626286
65 1 1 0 -0.9836316430834658 4.0 3.0273069145626286
66 1 1 0 -0.9836316430834658 5.0 3.0273069145626286
67 1 1 0 -0.9836316430834658 6.0 3.0273069145626286
68 1 1 0 -0.9836316430834658 7.0 3.0273069145626286
69 1 1 0 -0.9836316430834658 8.0 3.0273069145626286
70 1 1 0 -0.9836316430834658 9.0 3.0273069145626286
71 1 1 0 -1.8709785675772779 0.0 2.5751810740024195
72 1 1 0 -1.8709785675772779 1.0 2.5751810740024195
73 1 1 0 -1.8709785675772779 2.0 2.5751810740024195
74 1 1 0 -1.8709785675772779 3.0 2.5751810740024195
75 1 1 0 -1.8709785675772779 4.0 2.5751810740024195
76 1 1 0 -1.8709785675772779 5.0 2.5751810740024195
77 1 1 0 -1.8709785675772779 6.0 2.5751810740024195
78 1 1 0 -1.8709785675772779 7.0 2.5751810740024195
79 1 1 0 -1.8709785675772779 8.0 2.5751810740024195
80 1 1 0 -1.8709785675772779 9.0 2.5751810740024195
81 1 1 0 -2.5751810740024195 0.0 1.8709785675772785
82 1 1 0 -2.5751810740024195 1.0 1.8709785675772785
83 1 1 0 -2.5751810740024195 2.0 1.8709785675772785
84 1 1 0 -2.5751810740024195 3.0 1.8709785675772785
85 1 1 0 -2.5751810740024195 4.0 1.8709785675772785
86 1 1 0 -2.5751810740024195 5.0 1.8709785675772785
87 1 1 0 -2.5751810740024195 6.0 1.8709785675772785
88 1 1 0 -2.5751810740024195 7.0 1.8709785675772785
89 1 1 0 -2.5751810740024195 8.0 1.8709785675772785
90 1 1 0 -2.5751810740024195 9.0 1.8709785675772785
91 1 1 0 -3.027306914562628 0.0 0.9836316430834663
92 1 1 0 -3.027306914562628 1.0 0.9836316430834663
93 1 1 0 -3.027306914562628 2.0 0.9836316430834663
94 1 1 0 -3.027306914562628 3.0 0.9836316430834663
95 1 1 0 -3.027306914562628 4.0 0.9836316430834663
96 1 1 0 -3.027306914562628 5.0 0.9836316430834663
97 1 1 0 -3.027306914562628 6.0 0.9836316430834663
98 1 1 0 -3.027306914562628 7.0 0.9836316430834663
99 1 1 0 -3.027306914562628 8.0 0.9836316430834663
100 1 1 0 -3.027306914562628 9.0 0.9836316430834663
101 1 1 0 -3.183098861837907 0.0 3.898171832519376e-16
102 1 1 0 -3.183098861837907 1.0 3.898171832519376e-16
103 1 1 0 -3.183098861837907 2.0 3.898171832519376e-16
104 1 1 0 -3.183098861837907 3.0 3.898171832519376e-16
105 1 1 0 -3.183098861837907 4.0 3.898171832519376e-16
106 1 1 0 -3.183098861837907 5.0 3.898171832519376e-16
107 1 1 0 -3.183098861837907 6.0 3.898171832519376e-16
108 1 1 0 -3.183098861837907 7.0 3.898171832519376e-16
109 1 1 0 -3.183098861837907 8.0 3.898171832519376e-16
110 1 1 0 -3.183098861837907 9.0 3.898171832519376e-16
111 1 1 0 -3.0273069145626286 0.0 -0.9836316430834656
112 1 1 0 -3.0273069145626286 1.0 -0.9836316430834656
113 1 1 0 -3.0273069145626286 2.0 -0.9836316430834656
114 1 1 0 -3.0273069145626286 3.0 -0.9836316430834656
115 1 1 0 -3.0273069145626286 4.0 -0.9836316430834656
116 1 1 0 -3.0273069145626286 5.0 -0.9836316430834656
117 1 1 0 -3.0273069145626286 6.0 -0.9836316430834656
118 1 1 0 -3.0273069145626286 7.0 -0.9836316430834656
119 1 1 0 -3.0273069145626286 8.0 -0.9836316430834656
120 1 1 0 -3.0273069145626286 9.0 -0.9836316430834656
121 1 1 0 -2.57518107400242 0.0 -1.8709785675772779
122 1 1 0 -2.57518107400242 1.0 -1.8709785675772779
123 1 1 0 -2.57518107400242 2.0 -1.8709785675772779
124 1 1 0 -2.57518107400242 3.0 -1.8709785675772779
125 1 1 0 -2.57518107400242 4.0 -1.8709785675772779
126 1 1 0 -2.57518107400242 5.0 -1.8709785675772779
127 1 1 0 -2.57518107400242 6.0 -1.8709785675772779
128 1 1 0 -2.57518107400242 7.0 -1.8709785675772779
129 1 1 0 -2.57518107400242 8.0 -1.8709785675772779
130 1 1 0 -2.57518107400242 9.0 -1.8709785675772779
131 1 1 0 -1.8709785675772785 0.0 -2.5751810740024195
132 1 1 0 -1.8709785675772785 1.0 -2.5751810740024195
133 1 1 0 -1.8709785675772785 2.0 -2.5751810740024195
134 1 1 0 -1.8709785675772785 3.0 -2.5751810740024195
135 1 1 0 -1.8709785675772785 4.0 -2.5751810740024195
136 1 1 0 -1.8709785675772785 5.0 -2.5751810740024195
137 1 1 0 -1.8709785675772785 6.0 -2.5751810740024195
138 1 1 0 -1.8709785675772785 7.0 -2.5751810740024195
139 1 1 0 -1.8709785675772785 8.0 -2.5751810740024195
140 1 1 0 -1.8709785675772785 9.0 -2.5751810740024195
141 1 1 0 -0.9836316430834665 0.0 -3.027306914562628
142 1 1 0 -0.9836316430834665 1.0 -3.027306914562628
143 1 1 0 -0.9836316430834665 2.0 -3.027306914562628
144 1 1 0 -0.9836316430834665 3.0 -3.027306914562628
145 1 1 0 -0.9836316430834665 4.0 -3.027306914562628
146 1 1 0 -0.9836316430834665 5.0 -3.027306914562628
147 1 1 0 -0.9836316430834665 6.0 -3.027306914562628
148 1 1 0 -0.9836316430834665 7.0 -3.027306914562628
149 1 1 0 -0.9836316430834665 8.0 -3.027306914562628
150 1 1 0 -0.9836316430834665 9.0 -3.027306914562628
151 1 1 0 -5.847257748779063e-16 0.0 -3.183098861837907
152 1 1 0 -5.847257748779063e-16 1.0 -3.183098861837907
153 1 1 0 -5.847257748779063e-16 2.0 -3.183098861837907
154 1 1 0 -5.847257748779063e-16 3.0 -3.183098861837907
155 1 1 0 -5.847257748779063e-16 4.0 -3.183098861837907
156 1 1 0 -5.847257748779063e-16 5.0 -3.183098861837907
157 1 1 0 -5.847257748779063e-16 6.0 -3.183098861837907
158 1 1 0 -5.847257748779063e-16 7.0 -3.183098861837907
159 1 1 0 -5.847257748779063e-16 8.0 -3.183098861837907
160 1 1 0 -5.847257748779063e-16 9.0 -3.183098861837907
161 1 1 0 0.9836316430834654 0.0 -3.0273069145626286
162 1 1 0 0.9836316430834654 1.0 -3.0273069145626286
163 1 1 0 0.9836316430834654 2.0 -3.0273069145626286
164 1 1 0 0.9836316430834654 3.0 -3.0273069145626286
165 1 1 0 0.9836316430834654 4.0 -3.0273069145626286
166 1 1 0 0.9836316430834654 5.0 -3.0273069145626286
167 1 1 0 0.9836316430834654 6.0 -3.0273069145626286
168 1 1 0 0.9836316430834654 7.0 -3.0273069145626286
169 1 1 0 0.9836316430834654 8.0 -3.0273069145626286
170 1 1 0 0.9836316430834654 9.0 -3.0273069145626286
171 1 1 0 1.8709785675772777 0.0 -2.57518107400242
172 1 1 0 1.8709785675772777 1.0 -2.57518107400242
173 1 1 0 1.8709785675772777 2.0 -2.57518107400242
174 1 1 0 1.8709785675772777 3.0 -2.57518107400242
175 1 1 0 1.8709785675772777 4.0 -2.57518107400242
176 1 1 0 1.8709785675772777 5.0 -2.57518107400242
177 1 1 0 1.8709785675772777 6.0 -2.57518107400242
178 1 1 0 1.8709785675772777 7.0 -2.57518107400242
179 1 1 0 1.8709785675772777 8.0 -2.57518107400242
180 1 1 0 1.8709785675772777 9.0 -2.57518107400242
181 1 1 0 2.5751810740024195 0.0 -1.870978567577279
182 1 1 0 2.5751810740024195 1.0 -1.870978567577279
183 1 1 0 2.5751810740024195 2.0 -1.870978567577279
184 1 1 0 2.5751810740024195 3.0 -1.870978567577279
185 1 1 0 2.5751810740024195 4.0 -1.870978567577279
186 1 1 0 2.5751810740024195 5.0 -1.870978567577279
187 1 1 0 2.5751810740024195 6.0 -1.870978567577279
188 1 1 0 2.5751810740024195 7.0 -1.870978567577279
189 1 1 0 2.5751810740024195 8.0 -1.870978567577279
190 1 1 0 2.5751810740024195 9.0 -1.870978567577279
191 1 1 0 3.027306914562628 0.0 -0.9836316430834667
192 1 1 0 3.027306914562628 1.0 -0.9836316430834667
193 1 1 0 3.027306914562628 2.0 -0.9836316430834667
194 1 1 0 3.027306914562628 3.0 -0.9836316430834667
195 1 1 0 3.027306914562628 4.0 -0.9836316430834667
196 1 1 0 3.027306914562628 5.0 -0.9836316430834667
197 1 1 0 3.027306914562628 6.0 -0.9836316430834667
198 1 1 0 3.027306914562628 7.0 -0.9836316430834667
199 1 1 0 3.027306914562628 8.0 -0.9836316430834667
200 1 1 0 3.027306914562628 9.0 -0.9836316430834667
