data_in  :  in.sq10x20x1.dat
data_out :  o.sq10x20x1_xz.dat
dim_roll :  0
dim_norm :  2
atomtype :  full
norm_ref:  0.0
length:  10.0
1 1 1 0 0.0 0.0 1.5915494309189535
2 1 1 0 0.9354892837886392 0.0 1.2875905370012097
3 1 1 0 1.513653457281314 0.0 0.4918158215417331
4 1 1 0 1.5136534572813143 0.0 -0.4918158215417329
5 1 1 0 0.9354892837886393 0.0 -1.2875905370012097
6 1 1 0 1.949085916259688e-16 0.0 -1.5915494309189535
7 1 1 0 -0.9354892837886389 0.0 -1.28759053700121
8 1 1 0 -1.513653457281314 0.0 -0.49181582154173326
9 1 1 0 -1.5136534572813143 0.0 0.4918158215417327
10 1 1 0 -0.9354892837886395 0.0 1.2875905370012097
11 1 1 0 0.0 1.0 1.5915494309189535
12 1 1 0 0.9354892837886392 1.0 1.2875905370012097
13 1 1 0 1.513653457281314 1.0 0.4918158215417331
14 1 1 0 1.5136534572813143 1.0 -0.4918158215417329
15 1 1 0 0.9354892837886393 1.0 -1.2875905370012097
16 1 1 0 1.949085916259688e-16 1.0 -1.5915494309189535
17 1 1 0 -0.9354892837886389 1.0 -1.28759053700121
18 1 1 0 -1.513653457281314 1.0 -0.49181582154173326
19 1 1 0 -1.5136534572813143 1.0 0.4918158215417327
20 1 1 0 -0.9354892837886395 1.0 1.2875905370012097
21 1 1 0 0.0 2.0 1.5915494309189535
22 1 1 0 0.9354892837886392 2.0 1.2875905370012097
23 1 1 0 1.513653457281314 2.0 0.4918158215417331
24 1 1 0 1.5136534572813143 2.0 -0.4918158215417329
25 1 1 0 0.9354892837886393 2.0 -1.2875905370012097
26 1 1 0 1.949085916259688e-16 2.0 -1.5915494309189535
27 1 1 0 -0.9354892837886389 2.0 -1.28759053700121
28 1 1 0 -1.513653457281314 2.0 -0.49181582154173326
29 1 1 0 -1.5136534572813143 2.0 0.4918158215417327
30 1 1 0 -0.9354892837886395 2.0 1.2875905370012097
31 1 1 0 0.0 3.0 1.5915494309189535
32 1 1 0 0.9354892837886392 3.0 1.2875905370012097
33 1 1 0 1.513653457281314 3.0 0.4918158215417331
34 1 1 0 1.5136534572813143 3.0 -0.4918158215417329
35 1 1 0 0.9354892837886393 3.0 -1.2875905370012097
36 1 1 0 1.949085916259688e-16 3.0 -1.5915494309189535
37 1 1 0 -0.9354892837886389 3.0 -1.28759053700121
38 1 1 0 -1.513653457281314 3.0 -0.49181582154173326
39 1 1 0 -1.5136534572813143 3.0 0.4918158215417327
40 1 1 0 -0.9354892837886395 3.0 1.2875905370012097
41 1 1 0 0.0 4.0 1.5915494309189535
42 1 1 0 0.9354892837886392 4.0 1.2875905370012097
43 1 1 0 1.513653457281314 4.0 0.4918158215417331
44 1 1 0 1.5136534572813143 4.0 -0.4918158215417329
45 1 1 0 0.9354892837886393 4.0 -1.2875905370012097
46 1 1 0 1.949085916259688e-16 4.0 -1.5915494309189535
47 1 1 0 -0.9354892837886389 4.0 -1.28759053700121
48 1 1 0 -1.513653457281314 4.0 -0.49181582154173326
49 1 1 0 -1.5136534572813143 4.0 0.4918158215417327
50 1 1 0 -0.9354892837886395 4.0 1.2875905370012097
51 1 1 0 0.0 5.0 1.5915494309189535
52 1 1 0 0.9354892837886392 5.0 1.2875905370012097
53 1 1 0 1.513653457281314 5.0 0.4918158215417331
54 1 1 0 1.5136534572813143 5.0 -0.4918158215417329
55 1 1 0 0.9354892837886393 5.0 -1.2875905370012097
56 1 1 0 1.949085916259688e-16 5.0 -1.5915494309189535
57 1 1 0 -0.9354892837886389 5.0 -1.28759053700121
58 1 1 0 -1.513653457281314 5.0 -0.49181582154173326
59 1 1 0 -1.5136534572813143 5.0 0.4918158215417327
60 1 1 0 -0.9354892837886395 5.0 1.2875905370012097
61 1 1 0 0.0 6.0 1.5915494309189535
62 1 1 0 0.9354892837886392 6.0 1.2875905370012097
63 1 1 0 1.513653457281314 6.0 0.4918158215417331
64 1 1 0 1.5136534572813143 6.0 -0.4918158215417329
65 1 1 0 0.9354892837886393 6.0 -1.2875905370012097
66 1 1 0 1.949085916259688e-16 6.0 -1.5915494309189535
67 1 1 0 -0.9354892837886389 6.0 -1.28759053700121
68 1 1 0 -1.513653457281314 6.0 -0.49181582154173326
69 1 1 0 -1.5136534572813143 6.0 0.4918158215417327
70 1 1 0 -0.9354892837886395 6.0 1.2875905370012097
71 1 1 0 0.0 7.0 1.5915494309189535
72 1 1 0 0.9354892837886392 7.0 1.2875905370012097
73 1 1 0 1.513653457281314 7.0 0.4918158215417331
74 1 1 0 1.5136534572813143 7.0 -0.4918158215417329
75 1 1 0 0.9354892837886393 7.0 -1.2875905370012097
76 1 1 0 1.949085916259688e-16 7.0 -1.5915494309189535
77 1 1 0 -0.9354892837886389 7.0 -1.28759053700121
78 1 1 0 -1.513653457281314 7.0 -0.49181582154173326
79 1 1 0 -1.5136534572813143 7.0 0.4918158215417327
80 1 1 0 -0.9354892837886395 7.0 1.2875905370012097
81 1 1 0 0.0 8.0 1.5915494309189535
82 1 1 0 0.9354892837886392 8.0 1.2875905370012097
83 1 1 0 1.513653457281314 8.0 0.4918158215417331
84 1 1 0 1.5136534572813143 8.0 -0.4918158215417329
85 1 1 0 0.9354892837886393 8.0 -1.2875905370012097
86 1 1 0 1.949085916259688e-16 8.0 -1.5915494309189535
87 1 1 0 -0.9354892837886389 8.0 -1.28759053700121
88 1 1 0 -1.513653457281314 8.0 -0.49181582154173326
89 1 1 0 -1.5136534572813143 8.0 0.4918158215417327
90 1 1 0 -0.9354892837886395 8.0 1.2875905370012097
91 1 1 0 0.0 9.0 1.5915494309189535
92 1 1 0 0.9354892837886392 9.0 1.2875905370012097
93 1 1 0 1.513653457281314 9.0 0.4918158215417331
94 1 1 0 1.5136534572813143 9.0 -0.4918158215417329
95 1 1 0 0.9354892837886393 9.0 -1.2875905370012097
96 1 1 0 1.949085916259688e-16 9.0 -1.5915494309189535
97 1 1 0 -0.9354892837886389 9.0 -1.28759053700121
98 1 1 0 -1.513653457281314 9.0 -0.49181582154173326
99 1 1 0 -1.5136534572813143 9.0 0.4918158215417327
100 1 1 0 -0.9354892837886395 9.0 1.2875905370012097
101 1 1 0 0.0 10.0 1.5915494309189535
102 1 1 0 0.9354892837886392 10.0 1.2875905370012097
103 1 1 0 1.513653457281314 10.0 0.4918158215417331
104 1 1 0 1.5136534572813143 10.0 -0.4918158215417329
105 1 1 0 0.9354892837886393 10.0 -1.2875905370012097
106 1 1 0 1.949085916259688e-16 10.0 -1.5915494309189535
107 1 1 0 -0.9354892837886389 10.0 -1.28759053700121
108 1 1 0 -1.513653457281314 10.0 -0.49181582154173326
109 1 1 0 -1.5136534572813143 10.0 0.4918158215417327
110 1 1 0 -0.9354892837886395 10.0 1.2875905370012097
111 1 1 0 0.0 11.0 1.5915494309189535
112 1 1 0 0.9354892837886392 11.0 1.2875905370012097
113 1 1 0 1.513653457281314 11.0 0.4918158215417331
114 1 1 0 1.5136534572813143 11.0 -0.4918158215417329
115 1 1 0 0.9354892837886393 11.0 -1.2875905370012097
116 1 1 0 1.949085916259688e-16 11.0 -1.5915494309189535
117 1 1 0 -0.9354892837886389 11.0 -1.28759053700121
118 1 1 0 -1.513653457281314 11.0 -0.49181582154173326
119 1 1 0 -1.5136534572813143 11.0 0.4918158215417327
120 1 1 0 -0.9354892837886395 11.0 1.2875905370012097
121 1 1 0 0.0 12.0 1.5915494309189535
122 1 1 0 0.9354892837886392 12.0 1.2875905370012097
123 1 1 0 1.513653457281314 12.0 0.4918158215417331
124 1 1 0 1.5136534572813143 12.0 -0.4918158215417329
125 1 1 0 0.9354892837886393 12.0 -1.2875905370012097
126 1 1 0 1.949085916259688e-16 12.0 -1.5915494309189535
127 1 1 0 -0.9354892837886389 12.0 -1.28759053700121
128 1 1 0 -1.513653457281314 12.0 -0.49181582154173326
129 1 1 0 -1.5136534572813143 12.0 0.4918158215417327
130 1 1 0 -0.9354892837886395 12.0 1.2875905370012097
131 1 1 0 0.0 13.0 1.5915494309189535
132 1 1 0 0.9354892837886392 13.0 1.2875905370012097
133 1 1 0 1.513653457281314 13.0 0.4918158215417331
134 1 1 0 1.5136534572813143 13.0 -0.4918158215417329
135 1 1 0 0.9354892837886393 13.0 -1.2875905370012097
136 1 1 0 1.949085916259688e-16 13.0 -1.5915494309189535
137 1 1 0 -0.9354892837886389 13.0 -1.28759053700121
138 1 1 0 -1.513653457281314 13.0 -0.49181582154173326
139 1 1 0 -1.5136534572813143 13.0 0.4918158215417327
140 1 1 0 -0.9354892837886395 13.0 1.2875905370012097
141 1 1 0 0.0 14.0 1.5915494309189535
142 1 1 0 0.9354892837886392 14.0 1.2875905370012097
143 1 1 0 1.513653457281314 14.0 0.4918158215417331
144 1 1 0 1.5136534572813143 14.0 -0.4918158215417329
145 1 1 0 0.9354892837886393 14.0 -1.2875905370012097
146 1 1 0 1.949085916259688e-16 14.0 -1.5915494309189535
147 1 1 0 -0.9354892837886389 14.0 -1.28759053700121
148 1 1 0 -1.513653457281314 14.0 -0.49181582154173326
149 1 1 0 -1.5136534572813143 14.0 0.4918158215417327
150 1 1 0 -0.9354892837886395 14.0 1.2875905370012097
151 1 1 0 0.0 15.0 1.5915494309189535
152 1 1 0 0.9354892837886392 15.0 1.2875905370012097
153 1 1 0 1.513653457281314 15.0 0.4918158215417331
154 1 1 0 1.5136534572813143 15.0 -0.4918158215417329
155 1 1 0 0.9354892837886393 15.0 -1.2875905370012097
156 1 1 0 1.949085916259688e-16 15.0 -1.5915494309189535
157 1 1 0 -0.9354892837886389 15.0 -1.28759053700121
158 1 1 0 -1.513653457281314 15.0 -0.49181582154173326
159 1 1 0 -1.5136534572813143 15.0 0.4918158215417327
160 1 1 0 -0.9354892837886395 15.0 1.2875905370012097
161 1 1 0 0.0 16.0 1.5915494309189535
162 1 1 0 0.9354892837886392 16.0 1.2875905370012097
163 1 1 0 1.513653457281314 16.0 0.4918158215417331
164 1 1 0 1.5136534572813143 16.0 -0.4918158215417329
165 1 1 0 0.9354892837886393 16.0 -1.2875905370012097
166 1 1 0 1.949085916259688e-16 16.0 -1.5915494309189535
167 1 1 0 -0.9354892837886389 16.0 -1.28759053700121
168 1 1 0 -1.513653457281314 16.0 -0.49181582154173326
169 1 1 0 -1.5136534572813143 16.0 0.4918158215417327
170 1 1 0 -0.9354892837886395 16.0 1.2875905370012097
171 1 1 0 0.0 17.0 1.5915494309189535
172 1 1 0 0.9354892837886392 17.0 1.2875905370012097
173 1 1 0 1.513653457281314 17.0 0.4918158215417331
174 1 1 0 1.5136534572813143 17.0 -0.4918158215417329
175 1 1 0 0.9354892837886393 17.0 -1.2875905370012097
176 1 1 0 1.949085916259688e-16 17.0 -1.5915494309189535
177 1 1 0 -0.9354892837886389 17.0 -1.28759053700121
178 1 1 0 -1.513653457281314 17.0 -0.49181582154173326
179 1 1 0 -1.5136534572813143 17.0 0.4918158215417327
180 1 1 0 -0.9354892837886395 17.0 1.2875905370012097
181 1 1 0 0.0 18.0 1.5915494309189535
182 1 1 0 0.9354892837886392 18.0 1.2875905370012097
183 1 1 0 1.513653457281314 18.0 0.4918158215417331
184 1 1 0 1.5136534572813143 18.0 -0.4918158215417329
185 1 1 0 0.9354892837886393 18.0 -1.2875905370012097
186 1 1 0 1.949085916259688e-16 18.0 -1.5915494309189535
187 1 1 0 -0.9354892837886389 18.0 -1.28759053700121
188 1 1 0 -1.513653457281314 18.0 -0.49181582154173326
189 1 1 0 -1.5136534572813143 18.0 0.4918158215417327
190 1 1 0 -0.9354892837886395 18.0 1.2875905370012097
191 1 1 0 0.0 19.0 1.5915494309189535
192 1 1 0 0.9354892837886392 19.0 1.2875905370012097
193 1 1 0 1.513653457281314 19.0 0.4918158215417331
194 1 1 0 1.5136534572813143 19.0 -0.4918158215417329
195 1 1 0 0.9354892837886393 19.0 -1.2875905370012097
196 1 1 0 1.949085916259688e-16 19.0 -1.5915494309189535
197 1 1 0 -0.9354892837886389 19.0 -1.28759053700121
198 1 1 0 -1.513653457281314 19.0 -0.49181582154173326
199 1 1 0 -1.5136534572813143 19.0 0.4918158215417327
200 1 1 0 -0.9354892837886395 19.0 1.2875905370012097
