data_in  :  in.sq10x20x1.dat
data_out :  o.sq10x20x1_yz.dat
dim_roll :  1
dim_norm :  2
atomtype :  full
norm_ref:  0.0
length:  20.0
1 1 1 0 0.0 0.0 3.183098861837907
2 1 1 0 1.0 0.0 3.183098861837907
3 1 1 0 2.0 0.0 3.183098861837907
4 1 1 0 3.0 0.0 3.183098861837907
5 1 1 0 4.0 0.0 3.183098861837907
6 1 1 0 5.0 0.0 3.183098861837907
7 1 1 0 6.0 0.0 3.183098861837907
8 1 1 0 7.0 0.0 3.183098861837907
9 1 1 0 8.0 0.0 3.183098861837907
10 1 1 0 9.0 0.0 3.183098861837907
11 1 1 0 0.0 0.983631643083466 3.027306914562628
12 1 1 0 1.0 0.983631643083466 3.027306914562628
13 1 1 0 2.0 0.983631643083466 3.027306914562628
14 1 1 0 3.0 0.983631643083466 3.027306914562628
15 1 1 0 4.0 0.983631643083466 3.027306914562628
16 1 1 0 5.0 0.983631643083466 3.027306914562628
17 1 1 0 6.0 0.983631643083466 3.027306914562628
18 1 1 0 7.0 0.983631643083466 3.027306914562628
19 1 1 0 8.0 0.983631643083466 3.027306914562628
20 1 1 0 9.0 0.983631643083466 3.027306914562628
21 1 1 0 0.0 1.8709785675772783 2.5751810740024195
22 1 1 0 1.0 1.8709785675772783 2.5751810740024195
23 1 1 0 2.0 1.8709785675772783 2.5751810740024195
24 1 1 0 3.0 1.8709785675772783 2.5751810740024195
25 1 1 0 4.0 1.8709785675772783 2.5751810740024195
26 1 1 0 5.0 1.8709785675772783 2.5751810740024195
27 1 1 0 6.0 1.8709785675772783 2.5751810740024195
28 1 1 0 7.0 1.8709785675772783 2.5751810740024195
29 1 1 0 8.0 1.8709785675772783 2.5751810740024195
30 1 1 0 9.0 1.8709785675772783 2.5751810740024195
31 1 1 0 0.0 2.5751810740024195 1.8709785675772783
32 1 1 0 1.0 2.5751810740024195 1.8709785675772783
33 1 1 0 2.0 2.5751810740024195 1.8709785675772783
34 1 1 0 3.0 2.5751810740024195 1.8709785675772783
35 1 1 0 4.0 2.5751810740024195 1.8709785675772783
36 1 1 0 5.0 2.5751810740024195 1.8709785675772783
37 1 1 0 6.0 2.5751810740024195 1.8709785675772783
38 1 1 0 7.0 2.5751810740024195 1.8709785675772783
39 1 1 0 8.0 2.5751810740024195 1.8709785675772783
40 1 1 0 9.0 2.5751810740024195 1.8709785675772783
41 1 1 0 0.0 3.027306914562628 0.9836316430834662
42 1 1 0 1.0 3.027306914562628 0.9836316430834662
43 1 1 0 2.0 3.027306914562628 0.9836316430834662
44 1 1 0 3.0 3.027306914562628 0.9836316430834662
45 1 1 0 4.0 3.027306914562628 0.9836316430834662
46 1 1 0 5.0 3.027306914562628 0.9836316430834662
47 1 1 0 6.0 3.027306914562628 0.9836316430834662
48 1 1 0 7.0 3.027306914562628 0.9836316430834662
49 1 1 0 8.0 3.027306914562628 0.9836316430834662
50 1 1 0 9.0 3.027306914562628 0.9836316430834662
51 1 1 0 0.0 3.183098861837907 1.949085916259688e-16
52 1 1 0 1.0 3.183098861837907 1.949085916259688e-16
53 1 1 0 2.0 3.183098861837907 1.949085916259688e-16
54 1 1 0 3.0 3.183098861837907 1.949085916259688e-16
55 1 1 0 4.0 3.183098861837907 1.949085916259688e-16
56 1 1 0 5.0 3.183098861837907 1.949085916259688e-16
57 1 1 0 6.0 3.183098861837907 1.949085916259688e-16
58 1 1 0 7.0 3.183098861837907 1.949085916259688e-16
59 1 1 0 8.0 3.183098861837907 1.949085916259688e-16
60 1 1 0 9.0 3.183098861837907 1.949085916259688e-16
61 1 1 0 0.0 3.0273069145626286 -0.9836316430834658
62 1 1 0 1.0 3.0273069145626286 -0.9836316430834658
63 1 1 0 2.0 3.0273069145626286 -0.9836316430834658
64 1 1 0 3.0 3.0273069145626286 -0.9836316430834658
65 1 1 0 4.0 3.0273069145626286 -0.9836316430834658
66 1 1 0 5.0 3.0273069145626286 -0.9836316430834658
67 1 1 0 6.0 3.0273069145626286 -0.9836316430834658
68 1 1 0 7.0 3.0273069145626286 -0.9836316430834658
69 1 1 0 8.0 3.0273069145626286 -0.9836316430834658
70 1 1 0 9.0 3.0273069145626286 -0.9836316430834658
71 1 1 0 0.0 2.5751810740024195 -1.8709785675772779
72 1 1 0 1.0 2.5751810740024195 -1.8709785675772779
73 1 1 0 2.0 2.5751810740024195 -1.8709785675772779
74 1 1 0 3.0 2.5751810740024195 -1.8709785675772779
75 1 1 0 4.0 2.5751810740024195 -1.8709785675772779
76 1 1 0 5.0 2.5751810740024195 -1.8709785675772779
77 1 1 0 6.0 2.5751810740024195 -1.8709785675772779
78 1 1 0 7.0 2.5751810740024195 -1.8709785675772779
79 1 1 0 8.0 2.5751810740024195 -1.8709785675772779
80 1 1 0 9.0 2.5751810740024195 -1.8709785675772779
81 1 1 0 0.0 1.8709785675772785 -2.5751810740024195
82 1 1 0 1.0 1.8709785675772785 -2.5751810740024195
83 1 1 0 2.0 1.8709785675772785 -2.5751810740024195
84 1 1 0 3.0 1.8709785675772785 -2.5751810740024195
85 1 1 0 4.0 1.8709785675772785 -2.5751810740024195
86 1 1 0 5.0 1.8709785675772785 -2.5751810740024195
87 1 1 0 6.0 1.8709785675772785 -2.5751810740024195
88 1 1 0 7.0 1.8709785675772785 -2.5751810740024195
89 1 1 0 8.0 1.8709785675772785 -2.5751810740024195
90 1 1 0 9.0 1.8709785675772785 -2.5751810740024195
91 1 1 0 0.0 0.9836316430834663 -3.027306914562628
92 1 1 0 1.0 0.9836316430834663 -3.027306914562628
93 1 1 0 2.0 0.9836316430834663 -3.027306914562628
94 1 1 0 3.0 0.9836316430834663 -3.027306914562628
95 1 1 0 4.0 0.9836316430834663 -3.027306914562628
96 1 1 0 5.0 0.9836316430834663 -3.027306914562628
97 1 1 0 6.0 0.9836316430834663 -3.027306914562628
98 1 1 0 7.0 0.9836316430834663 -3.027306914562628
99 1 1 0 8.0 0.9836316430834663 -3.027306914562628
100 1 1 0 9.0 0.9836316430834663 -3.027306914562628
101 1 1 0 0.0 3.898171832519376e-16 -3.183098861837907
102 1 1 0 1.0 3.898171832519376e-16 -3.183098861837907
103 1 1 0 2.0 3.898171832519376e-16 -3.183098861837907
104 1 1 0 3.0 3.898171832519376e-16 -3.183098861837907
105 1 1 0 4.0 3.898171832519376e-16 -3.183098861837907
106 1 1 0 5.0 3.898171832519376e-16 -3.183098861837907
107 1 1 0 6.0 3.898171832519376e-16 -3.183098861837907
108 1 1 0 7.0 3.898171832519376e-16 -3.183098861837907
109 1 1 0 8.0 3.898171832519376e-16 -3.183098861837907
110 1 1 0 9.0 3.898171832519376e-16 -3.183098861837907
111 1 1 0 0.0 -0.9836316430834656 -3.0273069145626286
112 1 1 0 1.0 -0.9836316430834656 -3.0273069145626286
113 1 1 0 2.0 -0.9836316430834656 -3.0273069145626286
114 1 1 0 3.0 -0.9836316430834656 -3.0273069145626286
115 1 1 0 4.0 -0.9836316430834656 -3.0273069145626286
116 1 1 0 5.0 -0.9836316430834656 -3.0273069145626286
117 1 1 0 6.0 -0.9836316430834656 -3.0273069145626286
118 1 1 0 7.0 -0.9836316430834656 -3.0273069145626286
119 1 1 0 8.0 -0.9836316430834656 -3.0273069145626286
120 1 1 0 9.0 -0.9836316430834656 -3.0273069145626286
121 1 1 0 0.0 -1.8709785675772779 -2.57518107400242
122 1 1 0 1.0 -1.8709785675772779 -2.57518107400242
123 1 1 0 2.0 -1.8709785675772779 -2.57518107400242
124 1 1 0 3.0 -1.8709785675772779 -2.57518107400242
125 1 1 0 4.0 -1.8709785675772779 -2.57518107400242
126 1 1 0 5.0 -1.8709785675772779 -2.57518107400242
127 1 1 0 6.0 -1.8709785675772779 -2.57518107400242
128 1 1 0 7.0 -1.8709785675772779 -2.57518107400242
129 1 1 0 8.0 -1.8709785675772779 -2.57518107400242
130 1 1 0 9.0 -1.8709785675772779 -2.57518107400242
131 1 1 0 0.0 -2.5751810740024195 -1.8709785675772785
132 1 1 0 1.0 -2.5751810740024195 -1.8709785675772785
133 1 1 0 2.0 -2.5751810740024195 -1.8709785675772785
134 1 1 0 3.0 -2.5751810740024195 -1.8709785675772785
135 1 1 0 4.0 -2.5751810740024195 -1.8709785675772785
136 1 1 0 5.0 -2.5751810740024195 -1.8709785675772785
137 1 1 0 6.0 -2.5751810740024195 -1.8709785675772785
138 1 1 0 7.0 -2.5751810740024195 -1.8709785675772785
139 1 1 0 8.0 -2.5751810740024195 -1.8709785675772785
140 1 1 0 9.0 -2.5751810740024195 -1.8709785675772785
141 1 1 0 0.0 -3.027306914562628 -0.9836316430834665
142 1 1 0 1.0 -3.027306914562628 -0.9836316430834665
143 1 1 0 2.0 -3.027306914562628 -0.9836316430834665
144 1 1 0 3.0 -3.027306914562628 -0.9836316430834665
145 1 1 0 4.0 -3.027306914562628 -0.9836316430834665
146 1 1 0 5.0 -3.027306914562628 -0.9836316430834665
147 1 1 0 6.0 -3.027306914562628 -0.9836316430834665
148 1 1 0 7.0 -3.027306914562628 -0.9836316430834665
149 1 1 0 8.0 -3.027306914562628 -0.9836316430834665
150 1 1 0 9.0 -3.027306914562628 -0.9836316430834665
151 1 1 0 0.0 -3.183098861837907 -5.847257748779063e-16
152 1 1 0 1.0 -3.183098861837907 -5.847257748779063e-16
153 1 1 0 2.0 -3.183098861837907 -5.847257748779063e-16
154 1 1 0 3.0 -3.183098861837907 -5.847257748779063e-16
155 1 1 0 4.0 -3.183098861837907 -5.847257748779063e-16
156 1 1 0 5.0 -3.183098861837907 -5.847257748779063e-16
157 1 1 0 6.0 -3.183098861837907 -5.847257748779063e-16
158 1 1 0 7.0 -3.183098861837907 -5.847257748779063e-16
159 1 1 0 8.0 -3.183098861837907 -5.847257748779063e-16
160 1 1 0 9.0 -3.183098861837907 -5.847257748779063e-16
161 1 1 0 0.0 -3.0273069145626286 0.9836316430834654
162 1 1 0 1.0 -3.0273069145626286 0.9836316430834654
163 1 1 0 2.0 -3.0273069145626286 0.9836316430834654
164 1 1 0 3.0 -3.0273069145626286 0.9836316430834654
165 1 1 0 4.0 -3.0273069145626286 0.9836316430834654
166 1 1 0 5.0 -3.0273069145626286 0.9836316430834654
167 1 1 0 6.0 -3.0273069145626286 0.9836316430834654
168 1 1 0 7.0 -3.0273069145626286 0.9836316430834654
169 1 1 0 8.0 -3.0273069145626286 0.9836316430834654
170 1 1 0 9.0 -3.0273069145626286 0.9836316430834654
171 1 1 0 0.0 -2.57518107400242 1.8709785675772777
172 1 1 0 1.0 -2.57518107400242 1.8709785675772777
173 1 1 0 2.0 -2.57518107400242 1.8709785675772777
174 1 1 0 3.0 -2.57518107400242 1.8709785675772777
175 1 1 0 4.0 -2.57518107400242 1.8709785675772777
176 1 1 0 5.0 -2.57518107400242 1.8709785675772777
177 1 1 0 6.0 -2.57518107400242 1.8709785675772777
178 1 1 0 7.0 -2.57518107400242 1.8709785675772777
179 1 1 0 8.0 -2.57518107400242 1.8709785675772777
180 1 1 0 9.0 -2.57518107400242 1.8709785675772777
181 1 1 0 0.0 -1.870978567577279 2.5751810740024195
182 1 1 0 1.0 -1.870978567577279 2.5751810740024195
183 1 1 0 2.0 -1.870978567577279 2.5751810740024195
184 1 1 0 3.0 -1.870978567577279 2.5751810740024195
185 1 1 0 4.0 -1.870978567577279 2.5751810740024195
186 1 1 0 5.0 -1.870978567577279 2.5751810740024195
187 1 1 0 6.0 -1.870978567577279 2.5751810740024195
188 1 1 0 7.0 -1.870978567577279 2.5751810740024195
189 1 1 0 8.0 -1.870978567577279 2.5751810740024195
190 1 1 0 9.0 -1.870978567577279 2.5751810740024195
191 1 1 0 0.0 -0.9836316430834667 3.027306914562628
192 1 1 0 1.0 -0.9836316430834667 3.027306914562628
193 1 1 0 2.0 -0.9836316430834667 3.027306914562628
194 1 1 0 3.0 -0.9836316430834667 3.027306914562628
195 1 1 0 4.0 -0.9836316430834667 3.027306914562628
196 1 1 0 5.0 -0.9836316430834667 3.027306914562628
197 1 1 0 6.0 -0.9836316430834667 3.027306914562628
198 1 1 0 7.0 -0.9836316430834667 3.027306914562628
199 1 1 0 8.0 -0.9836316430834667 3.027306914562628
200 1 1 0 9.0 -0.9836316430834667 3.027306914562628
